2022-09-26 00:03:41.381  INFO 39390 --- [File Watcher] rtingClassPathChangeChangedEventListener : Restarting due to 1 class path change (0 additions, 0 deletions, 1 modification)
2022-09-26 00:03:41.392  INFO 39390 --- [Thread-23] o.apache.catalina.core.StandardService   : Stopping service [Tomcat]
2022-09-26 00:03:41.393  INFO 39390 --- [Thread-23] o.a.c.c.C.[Tomcat].[localhost].[/]       : Destroying Spring FrameworkServlet 'dispatcherServlet'
2022-09-26 00:03:41.397  INFO 39390 --- [Thread-23] j.LocalContainerEntityManagerFactoryBean : Closing JPA EntityManagerFactory for persistence unit 'default'
2022-09-26 00:03:41.398  INFO 39390 --- [Thread-23] com.zaxxer.hikari.HikariDataSource       : HikariPool-6 - Shutdown initiated...
2022-09-26 00:03:41.401  INFO 39390 --- [Thread-23] com.zaxxer.hikari.HikariDataSource       : HikariPool-6 - Shutdown completed.
2022-09-26 00:03:41.558  INFO 39390 --- [restartedMain] c.e.ECommerceWithSpringMvcApplication    : Starting ECommerceWithSpringMvcApplication using Java 18.0.1 on dell-Inspiron-5570 with PID 39390 (/home/dell/Documents/workspace-spring-tool-suite-4-4.15.3.RELEASE/YummyRestaurantWithSpringMVC/target/classes started by dell in /home/dell/Documents/workspace-spring-tool-suite-4-4.15.3.RELEASE/YummyRestaurantWithSpringMVC)
2022-09-26 00:03:41.558  INFO 39390 --- [restartedMain] c.e.ECommerceWithSpringMvcApplication    : No active profile set, falling back to 1 default profile: "default"
2022-09-26 00:03:41.715  INFO 39390 --- [restartedMain] .s.d.r.c.RepositoryConfigurationDelegate : Bootstrapping Spring Data JPA repositories in DEFAULT mode.
2022-09-26 00:03:41.720  INFO 39390 --- [restartedMain] .s.d.r.c.RepositoryConfigurationDelegate : Finished Spring Data repository scanning in 4 ms. Found 1 JPA repository interfaces.
2022-09-26 00:03:41.828  INFO 39390 --- [restartedMain] o.s.b.w.embedded.tomcat.TomcatWebServer  : Tomcat initialized with port(s): 8080 (http)
2022-09-26 00:03:41.828  INFO 39390 --- [restartedMain] o.apache.catalina.core.StandardService   : Starting service [Tomcat]
2022-09-26 00:03:41.829  INFO 39390 --- [restartedMain] org.apache.catalina.core.StandardEngine  : Starting Servlet engine: [Apache Tomcat/9.0.65]
2022-09-26 00:03:41.835  INFO 39390 --- [restartedMain] o.a.c.c.C.[Tomcat].[localhost].[/]       : Initializing Spring embedded WebApplicationContext
2022-09-26 00:03:41.836  INFO 39390 --- [restartedMain] w.s.c.ServletWebServerApplicationContext : Root WebApplicationContext: initialization completed in 275 ms
2022-09-26 00:03:41.878  INFO 39390 --- [restartedMain] o.hibernate.jpa.internal.util.LogHelper  : HHH000204: Processing PersistenceUnitInfo [name: default]
2022-09-26 00:03:41.882  INFO 39390 --- [restartedMain] com.zaxxer.hikari.HikariDataSource       : HikariPool-7 - Starting...
2022-09-26 00:03:41.896  INFO 39390 --- [restartedMain] com.zaxxer.hikari.HikariDataSource       : HikariPool-7 - Start completed.
2022-09-26 00:03:41.896  INFO 39390 --- [restartedMain] org.hibernate.dialect.Dialect            : HHH000400: Using dialect: org.hibernate.dialect.MySQL8Dialect
2022-09-26 00:03:41.923  INFO 39390 --- [restartedMain] o.h.e.t.j.p.i.JtaPlatformInitiator       : HHH000490: Using JtaPlatform implementation: [org.hibernate.engine.transaction.jta.platform.internal.NoJtaPlatform]
2022-09-26 00:03:41.924  INFO 39390 --- [restartedMain] j.LocalContainerEntityManagerFactoryBean : Initialized JPA EntityManagerFactory for persistence unit 'default'
2022-09-26 00:03:42.000  WARN 39390 --- [restartedMain] JpaBaseConfiguration$JpaWebConfiguration : spring.jpa.open-in-view is enabled by default. Therefore, database queries may be performed during view rendering. Explicitly configure spring.jpa.open-in-view to disable this warning
2022-09-26 00:03:42.050  INFO 39390 --- [restartedMain] o.s.b.a.w.s.WelcomePageHandlerMapping    : Adding welcome page template: index
2022-09-26 00:03:42.127  INFO 39390 --- [restartedMain] o.s.b.d.a.OptionalLiveReloadServer       : LiveReload server is running on port 35729
2022-09-26 00:03:42.141  INFO 39390 --- [restartedMain] o.s.b.w.embedded.tomcat.TomcatWebServer  : Tomcat started on port(s): 8080 (http) with context path ''
2022-09-26 00:03:42.146  INFO 39390 --- [restartedMain] c.e.ECommerceWithSpringMvcApplication    : Started ECommerceWithSpringMvcApplication in 0.69 seconds (JVM running for 15953.392)
2022-09-26 00:03:42.148  INFO 39390 --- [restartedMain] .ConditionEvaluationDeltaLoggingListener : Condition evaluation unchanged
2022-09-26 00:04:29.597  INFO 39390 --- [File Watcher] rtingClassPathChangeChangedEventListener : Restarting due to 1 class path change (0 additions, 0 deletions, 1 modification)
2022-09-26 00:04:29.600  INFO 39390 --- [Thread-27] o.apache.catalina.core.StandardService   : Stopping service [Tomcat]
2022-09-26 00:04:29.604  INFO 39390 --- [Thread-27] j.LocalContainerEntityManagerFactoryBean : Closing JPA EntityManagerFactory for persistence unit 'default'
2022-09-26 00:04:29.605  INFO 39390 --- [Thread-27] com.zaxxer.hikari.HikariDataSource       : HikariPool-7 - Shutdown initiated...
2022-09-26 00:04:29.608  INFO 39390 --- [Thread-27] com.zaxxer.hikari.HikariDataSource       : HikariPool-7 - Shutdown completed.
2022-09-26 00:04:29.683  INFO 39390 --- [restartedMain] c.e.ECommerceWithSpringMvcApplication    : Starting ECommerceWithSpringMvcApplication using Java 18.0.1 on dell-Inspiron-5570 with PID 39390 (/home/dell/Documents/workspace-spring-tool-suite-4-4.15.3.RELEASE/YummyRestaurantWithSpringMVC/target/classes started by dell in /home/dell/Documents/workspace-spring-tool-suite-4-4.15.3.RELEASE/YummyRestaurantWithSpringMVC)
2022-09-26 00:04:29.683  INFO 39390 --- [restartedMain] c.e.ECommerceWithSpringMvcApplication    : No active profile set, falling back to 1 default profile: "default"
2022-09-26 00:04:29.814  INFO 39390 --- [restartedMain] .s.d.r.c.RepositoryConfigurationDelegate : Bootstrapping Spring Data JPA repositories in DEFAULT mode.
2022-09-26 00:04:29.818  INFO 39390 --- [restartedMain] .s.d.r.c.RepositoryConfigurationDelegate : Finished Spring Data repository scanning in 4 ms. Found 1 JPA repository interfaces.
2022-09-26 00:04:29.896  INFO 39390 --- [restartedMain] o.s.b.w.embedded.tomcat.TomcatWebServer  : Tomcat initialized with port(s): 8080 (http)
2022-09-26 00:04:29.897  INFO 39390 --- [restartedMain] o.apache.catalina.core.StandardService   : Starting service [Tomcat]
2022-09-26 00:04:29.897  INFO 39390 --- [restartedMain] org.apache.catalina.core.StandardEngine  : Starting Servlet engine: [Apache Tomcat/9.0.65]
2022-09-26 00:04:29.904  INFO 39390 --- [restartedMain] o.a.c.c.C.[Tomcat].[localhost].[/]       : Initializing Spring embedded WebApplicationContext
2022-09-26 00:04:29.904  INFO 39390 --- [restartedMain] w.s.c.ServletWebServerApplicationContext : Root WebApplicationContext: initialization completed in 220 ms
2022-09-26 00:04:29.940  INFO 39390 --- [restartedMain] o.hibernate.jpa.internal.util.LogHelper  : HHH000204: Processing PersistenceUnitInfo [name: default]
2022-09-26 00:04:29.943  INFO 39390 --- [restartedMain] com.zaxxer.hikari.HikariDataSource       : HikariPool-8 - Starting...
2022-09-26 00:04:29.956  INFO 39390 --- [restartedMain] com.zaxxer.hikari.HikariDataSource       : HikariPool-8 - Start completed.
2022-09-26 00:04:29.957  INFO 39390 --- [restartedMain] org.hibernate.dialect.Dialect            : HHH000400: Using dialect: org.hibernate.dialect.MySQL8Dialect
2022-09-26 00:04:29.985  INFO 39390 --- [restartedMain] o.h.e.t.j.p.i.JtaPlatformInitiator       : HHH000490: Using JtaPlatform implementation: [org.hibernate.engine.transaction.jta.platform.internal.NoJtaPlatform]
2022-09-26 00:04:29.985  INFO 39390 --- [restartedMain] j.LocalContainerEntityManagerFactoryBean : Initialized JPA EntityManagerFactory for persistence unit 'default'
2022-09-26 00:04:30.052  WARN 39390 --- [restartedMain] JpaBaseConfiguration$JpaWebConfiguration : spring.jpa.open-in-view is enabled by default. Therefore, database queries may be performed during view rendering. Explicitly configure spring.jpa.open-in-view to disable this warning
2022-09-26 00:04:30.088  INFO 39390 --- [restartedMain] o.s.b.a.w.s.WelcomePageHandlerMapping    : Adding welcome page template: index
2022-09-26 00:04:30.158  INFO 39390 --- [restartedMain] o.s.b.d.a.OptionalLiveReloadServer       : LiveReload server is running on port 35729
2022-09-26 00:04:30.177  INFO 39390 --- [restartedMain] o.s.b.w.embedded.tomcat.TomcatWebServer  : Tomcat started on port(s): 8080 (http) with context path ''
2022-09-26 00:04:30.183  INFO 39390 --- [restartedMain] c.e.ECommerceWithSpringMvcApplication    : Started ECommerceWithSpringMvcApplication in 0.52 seconds (JVM running for 16001.43)
2022-09-26 00:04:30.185  INFO 39390 --- [restartedMain] .ConditionEvaluationDeltaLoggingListener : Condition evaluation unchanged
2022-09-26 00:04:42.676  INFO 39390 --- [File Watcher] rtingClassPathChangeChangedEventListener : Restarting due to 1 class path change (0 additions, 0 deletions, 1 modification)
2022-09-26 00:04:42.678  INFO 39390 --- [Thread-31] o.apache.catalina.core.StandardService   : Stopping service [Tomcat]
2022-09-26 00:04:42.682  INFO 39390 --- [Thread-31] j.LocalContainerEntityManagerFactoryBean : Closing JPA EntityManagerFactory for persistence unit 'default'
2022-09-26 00:04:42.683  INFO 39390 --- [Thread-31] com.zaxxer.hikari.HikariDataSource       : HikariPool-8 - Shutdown initiated...
2022-09-26 00:04:42.686  INFO 39390 --- [Thread-31] com.zaxxer.hikari.HikariDataSource       : HikariPool-8 - Shutdown completed.
2022-09-26 00:04:42.759  INFO 39390 --- [restartedMain] c.e.ECommerceWithSpringMvcApplication    : Starting ECommerceWithSpringMvcApplication using Java 18.0.1 on dell-Inspiron-5570 with PID 39390 (/home/dell/Documents/workspace-spring-tool-suite-4-4.15.3.RELEASE/YummyRestaurantWithSpringMVC/target/classes started by dell in /home/dell/Documents/workspace-spring-tool-suite-4-4.15.3.RELEASE/YummyRestaurantWithSpringMVC)
2022-09-26 00:04:42.759  INFO 39390 --- [restartedMain] c.e.ECommerceWithSpringMvcApplication    : No active profile set, falling back to 1 default profile: "default"
2022-09-26 00:04:42.902  INFO 39390 --- [restartedMain] .s.d.r.c.RepositoryConfigurationDelegate : Bootstrapping Spring Data JPA repositories in DEFAULT mode.
2022-09-26 00:04:42.906  INFO 39390 --- [restartedMain] .s.d.r.c.RepositoryConfigurationDelegate : Finished Spring Data repository scanning in 4 ms. Found 1 JPA repository interfaces.
2022-09-26 00:04:42.988  INFO 39390 --- [restartedMain] o.s.b.w.embedded.tomcat.TomcatWebServer  : Tomcat initialized with port(s): 8080 (http)
2022-09-26 00:04:42.990  INFO 39390 --- [restartedMain] o.apache.catalina.core.StandardService   : Starting service [Tomcat]
2022-09-26 00:04:42.990  INFO 39390 --- [restartedMain] org.apache.catalina.core.StandardEngine  : Starting Servlet engine: [Apache Tomcat/9.0.65]
2022-09-26 00:04:42.999  INFO 39390 --- [restartedMain] o.a.c.c.C.[Tomcat].[localhost].[/]       : Initializing Spring embedded WebApplicationContext
2022-09-26 00:04:42.999  INFO 39390 --- [restartedMain] w.s.c.ServletWebServerApplicationContext : Root WebApplicationContext: initialization completed in 238 ms
2022-09-26 00:04:43.044  INFO 39390 --- [restartedMain] o.hibernate.jpa.internal.util.LogHelper  : HHH000204: Processing PersistenceUnitInfo [name: default]
2022-09-26 00:04:43.050  INFO 39390 --- [restartedMain] com.zaxxer.hikari.HikariDataSource       : HikariPool-9 - Starting...
2022-09-26 00:04:43.065  INFO 39390 --- [restartedMain] com.zaxxer.hikari.HikariDataSource       : HikariPool-9 - Start completed.
2022-09-26 00:04:43.065  INFO 39390 --- [restartedMain] org.hibernate.dialect.Dialect            : HHH000400: Using dialect: org.hibernate.dialect.MySQL8Dialect
2022-09-26 00:04:43.093  INFO 39390 --- [restartedMain] o.h.e.t.j.p.i.JtaPlatformInitiator       : HHH000490: Using JtaPlatform implementation: [org.hibernate.engine.transaction.jta.platform.internal.NoJtaPlatform]
2022-09-26 00:04:43.093  INFO 39390 --- [restartedMain] j.LocalContainerEntityManagerFactoryBean : Initialized JPA EntityManagerFactory for persistence unit 'default'
2022-09-26 00:04:43.171  WARN 39390 --- [restartedMain] JpaBaseConfiguration$JpaWebConfiguration : spring.jpa.open-in-view is enabled by default. Therefore, database queries may be performed during view rendering. Explicitly configure spring.jpa.open-in-view to disable this warning
2022-09-26 00:04:43.223  INFO 39390 --- [restartedMain] o.s.b.a.w.s.WelcomePageHandlerMapping    : Adding welcome page template: index
2022-09-26 00:04:43.301  INFO 39390 --- [restartedMain] o.s.b.d.a.OptionalLiveReloadServer       : LiveReload server is running on port 35729
2022-09-26 00:04:43.313  INFO 39390 --- [restartedMain] o.s.b.w.embedded.tomcat.TomcatWebServer  : Tomcat started on port(s): 8080 (http) with context path ''
2022-09-26 00:04:43.321  INFO 39390 --- [restartedMain] c.e.ECommerceWithSpringMvcApplication    : Started ECommerceWithSpringMvcApplication in 0.584 seconds (JVM running for 16014.567)
2022-09-26 00:04:43.322  INFO 39390 --- [restartedMain] .ConditionEvaluationDeltaLoggingListener : Condition evaluation unchanged
2022-09-26 00:05:06.400  INFO 39390 --- [File Watcher] rtingClassPathChangeChangedEventListener : Restarting due to 1 class path change (0 additions, 1 deletion, 0 modifications)
2022-09-26 00:05:06.404  INFO 39390 --- [Thread-35] o.apache.catalina.core.StandardService   : Stopping service [Tomcat]
2022-09-26 00:05:06.415  INFO 39390 --- [Thread-35] j.LocalContainerEntityManagerFactoryBean : Closing JPA EntityManagerFactory for persistence unit 'default'
2022-09-26 00:05:06.417  INFO 39390 --- [Thread-35] com.zaxxer.hikari.HikariDataSource       : HikariPool-9 - Shutdown initiated...
2022-09-26 00:05:06.427  INFO 39390 --- [Thread-35] com.zaxxer.hikari.HikariDataSource       : HikariPool-9 - Shutdown completed.
2022-09-26 00:05:06.570  INFO 39390 --- [restartedMain] c.e.ECommerceWithSpringMvcApplication    : Starting ECommerceWithSpringMvcApplication using Java 18.0.1 on dell-Inspiron-5570 with PID 39390 (/home/dell/Documents/workspace-spring-tool-suite-4-4.15.3.RELEASE/YummyRestaurantWithSpringMVC/target/classes started by dell in /home/dell/Documents/workspace-spring-tool-suite-4-4.15.3.RELEASE/YummyRestaurantWithSpringMVC)
2022-09-26 00:05:06.571  INFO 39390 --- [restartedMain] c.e.ECommerceWithSpringMvcApplication    : No active profile set, falling back to 1 default profile: "default"
2022-09-26 00:05:06.692  INFO 39390 --- [restartedMain] .s.d.r.c.RepositoryConfigurationDelegate : Bootstrapping Spring Data JPA repositories in DEFAULT mode.
2022-09-26 00:05:06.696  INFO 39390 --- [restartedMain] .s.d.r.c.RepositoryConfigurationDelegate : Finished Spring Data repository scanning in 3 ms. Found 1 JPA repository interfaces.
2022-09-26 00:05:06.751  INFO 39390 --- [restartedMain] o.s.b.w.embedded.tomcat.TomcatWebServer  : Tomcat initialized with port(s): 8080 (http)
2022-09-26 00:05:06.751  INFO 39390 --- [restartedMain] o.apache.catalina.core.StandardService   : Starting service [Tomcat]
2022-09-26 00:05:06.751  INFO 39390 --- [restartedMain] org.apache.catalina.core.StandardEngine  : Starting Servlet engine: [Apache Tomcat/9.0.65]
2022-09-26 00:05:06.757  INFO 39390 --- [restartedMain] o.a.c.c.C.[Tomcat].[localhost].[/]       : Initializing Spring embedded WebApplicationContext
2022-09-26 00:05:06.757  INFO 39390 --- [restartedMain] w.s.c.ServletWebServerApplicationContext : Root WebApplicationContext: initialization completed in 184 ms
2022-09-26 00:05:06.784  INFO 39390 --- [restartedMain] o.hibernate.jpa.internal.util.LogHelper  : HHH000204: Processing PersistenceUnitInfo [name: default]
2022-09-26 00:05:06.786  INFO 39390 --- [restartedMain] com.zaxxer.hikari.HikariDataSource       : HikariPool-10 - Starting...
2022-09-26 00:05:06.796  INFO 39390 --- [restartedMain] com.zaxxer.hikari.HikariDataSource       : HikariPool-10 - Start completed.
2022-09-26 00:05:06.797  INFO 39390 --- [restartedMain] org.hibernate.dialect.Dialect            : HHH000400: Using dialect: org.hibernate.dialect.MySQL8Dialect
2022-09-26 00:05:06.815  INFO 39390 --- [restartedMain] o.h.e.t.j.p.i.JtaPlatformInitiator       : HHH000490: Using JtaPlatform implementation: [org.hibernate.engine.transaction.jta.platform.internal.NoJtaPlatform]
2022-09-26 00:05:06.815  INFO 39390 --- [restartedMain] j.LocalContainerEntityManagerFactoryBean : Initialized JPA EntityManagerFactory for persistence unit 'default'
2022-09-26 00:05:06.868  WARN 39390 --- [restartedMain] JpaBaseConfiguration$JpaWebConfiguration : spring.jpa.open-in-view is enabled by default. Therefore, database queries may be performed during view rendering. Explicitly configure spring.jpa.open-in-view to disable this warning
2022-09-26 00:05:06.893  INFO 39390 --- [restartedMain] o.s.b.a.w.s.WelcomePageHandlerMapping    : Adding welcome page template: index
2022-09-26 00:05:06.945  INFO 39390 --- [restartedMain] o.s.b.d.a.OptionalLiveReloadServer       : LiveReload server is running on port 35729
2022-09-26 00:05:06.961  INFO 39390 --- [restartedMain] o.s.b.w.embedded.tomcat.TomcatWebServer  : Tomcat started on port(s): 8080 (http) with context path ''
2022-09-26 00:05:06.969  INFO 39390 --- [restartedMain] c.e.ECommerceWithSpringMvcApplication    : Started ECommerceWithSpringMvcApplication in 0.428 seconds (JVM running for 16038.215)
2022-09-26 00:05:06.970  INFO 39390 --- [restartedMain] .ConditionEvaluationDeltaLoggingListener : Condition evaluation unchanged
2022-09-26 00:05:14.450  INFO 39390 --- [File Watcher] rtingClassPathChangeChangedEventListener : Restarting due to 1 class path change (0 additions, 0 deletions, 1 modification)
2022-09-26 00:05:14.452  INFO 39390 --- [Thread-39] o.apache.catalina.core.StandardService   : Stopping service [Tomcat]
2022-09-26 00:05:14.455  INFO 39390 --- [Thread-39] j.LocalContainerEntityManagerFactoryBean : Closing JPA EntityManagerFactory for persistence unit 'default'
2022-09-26 00:05:14.456  INFO 39390 --- [Thread-39] com.zaxxer.hikari.HikariDataSource       : HikariPool-10 - Shutdown initiated...
2022-09-26 00:05:14.459  INFO 39390 --- [Thread-39] com.zaxxer.hikari.HikariDataSource       : HikariPool-10 - Shutdown completed.
2022-09-26 00:05:14.536  INFO 39390 --- [restartedMain] c.e.ECommerceWithSpringMvcApplication    : Starting ECommerceWithSpringMvcApplication using Java 18.0.1 on dell-Inspiron-5570 with PID 39390 (/home/dell/Documents/workspace-spring-tool-suite-4-4.15.3.RELEASE/YummyRestaurantWithSpringMVC/target/classes started by dell in /home/dell/Documents/workspace-spring-tool-suite-4-4.15.3.RELEASE/YummyRestaurantWithSpringMVC)
2022-09-26 00:05:14.537  INFO 39390 --- [restartedMain] c.e.ECommerceWithSpringMvcApplication    : No active profile set, falling back to 1 default profile: "default"
2022-09-26 00:05:14.671  INFO 39390 --- [restartedMain] .s.d.r.c.RepositoryConfigurationDelegate : Bootstrapping Spring Data JPA repositories in DEFAULT mode.
2022-09-26 00:05:14.676  INFO 39390 --- [restartedMain] .s.d.r.c.RepositoryConfigurationDelegate : Finished Spring Data repository scanning in 5 ms. Found 1 JPA repository interfaces.
2022-09-26 00:05:14.757  INFO 39390 --- [restartedMain] o.s.b.w.embedded.tomcat.TomcatWebServer  : Tomcat initialized with port(s): 8080 (http)
2022-09-26 00:05:14.758  INFO 39390 --- [restartedMain] o.apache.catalina.core.StandardService   : Starting service [Tomcat]
2022-09-26 00:05:14.758  INFO 39390 --- [restartedMain] org.apache.catalina.core.StandardEngine  : Starting Servlet engine: [Apache Tomcat/9.0.65]
2022-09-26 00:05:14.765  INFO 39390 --- [restartedMain] o.a.c.c.C.[Tomcat].[localhost].[/]       : Initializing Spring embedded WebApplicationContext
2022-09-26 00:05:14.765  INFO 39390 --- [restartedMain] w.s.c.ServletWebServerApplicationContext : Root WebApplicationContext: initialization completed in 226 ms
2022-09-26 00:05:14.801  INFO 39390 --- [restartedMain] o.hibernate.jpa.internal.util.LogHelper  : HHH000204: Processing PersistenceUnitInfo [name: default]
2022-09-26 00:05:14.805  INFO 39390 --- [restartedMain] com.zaxxer.hikari.HikariDataSource       : HikariPool-11 - Starting...
2022-09-26 00:05:14.817  INFO 39390 --- [restartedMain] com.zaxxer.hikari.HikariDataSource       : HikariPool-11 - Start completed.
2022-09-26 00:05:14.818  INFO 39390 --- [restartedMain] org.hibernate.dialect.Dialect            : HHH000400: Using dialect: org.hibernate.dialect.MySQL8Dialect
2022-09-26 00:05:14.847  INFO 39390 --- [restartedMain] o.h.e.t.j.p.i.JtaPlatformInitiator       : HHH000490: Using JtaPlatform implementation: [org.hibernate.engine.transaction.jta.platform.internal.NoJtaPlatform]
2022-09-26 00:05:14.847  INFO 39390 --- [restartedMain] j.LocalContainerEntityManagerFactoryBean : Initialized JPA EntityManagerFactory for persistence unit 'default'
2022-09-26 00:05:14.915  WARN 39390 --- [restartedMain] JpaBaseConfiguration$JpaWebConfiguration : spring.jpa.open-in-view is enabled by default. Therefore, database queries may be performed during view rendering. Explicitly configure spring.jpa.open-in-view to disable this warning
2022-09-26 00:05:14.954  INFO 39390 --- [restartedMain] o.s.b.a.w.s.WelcomePageHandlerMapping    : Adding welcome page template: index
2022-09-26 00:05:15.024  INFO 39390 --- [restartedMain] o.s.b.d.a.OptionalLiveReloadServer       : LiveReload server is running on port 35729
2022-09-26 00:05:15.036  INFO 39390 --- [restartedMain] o.s.b.w.embedded.tomcat.TomcatWebServer  : Tomcat started on port(s): 8080 (http) with context path ''
2022-09-26 00:05:15.042  INFO 39390 --- [restartedMain] c.e.ECommerceWithSpringMvcApplication    : Started ECommerceWithSpringMvcApplication in 0.529 seconds (JVM running for 16046.289)
2022-09-26 00:05:15.044  INFO 39390 --- [restartedMain] .ConditionEvaluationDeltaLoggingListener : Condition evaluation unchanged
2022-09-26 00:05:23.563  INFO 39390 --- [File Watcher] rtingClassPathChangeChangedEventListener : Restarting due to 1 class path change (0 additions, 0 deletions, 1 modification)
2022-09-26 00:05:23.564  INFO 39390 --- [Thread-43] o.apache.catalina.core.StandardService   : Stopping service [Tomcat]
2022-09-26 00:05:23.568  INFO 39390 --- [Thread-43] j.LocalContainerEntityManagerFactoryBean : Closing JPA EntityManagerFactory for persistence unit 'default'
2022-09-26 00:05:23.568  INFO 39390 --- [Thread-43] com.zaxxer.hikari.HikariDataSource       : HikariPool-11 - Shutdown initiated...
2022-09-26 00:05:23.571  INFO 39390 --- [Thread-43] com.zaxxer.hikari.HikariDataSource       : HikariPool-11 - Shutdown completed.
2022-09-26 00:05:23.637  INFO 39390 --- [restartedMain] c.e.ECommerceWithSpringMvcApplication    : Starting ECommerceWithSpringMvcApplication using Java 18.0.1 on dell-Inspiron-5570 with PID 39390 (/home/dell/Documents/workspace-spring-tool-suite-4-4.15.3.RELEASE/YummyRestaurantWithSpringMVC/target/classes started by dell in /home/dell/Documents/workspace-spring-tool-suite-4-4.15.3.RELEASE/YummyRestaurantWithSpringMVC)
2022-09-26 00:05:23.637  INFO 39390 --- [restartedMain] c.e.ECommerceWithSpringMvcApplication    : No active profile set, falling back to 1 default profile: "default"
2022-09-26 00:05:23.750  INFO 39390 --- [restartedMain] .s.d.r.c.RepositoryConfigurationDelegate : Bootstrapping Spring Data JPA repositories in DEFAULT mode.
2022-09-26 00:05:23.753  INFO 39390 --- [restartedMain] .s.d.r.c.RepositoryConfigurationDelegate : Finished Spring Data repository scanning in 3 ms. Found 1 JPA repository interfaces.
2022-09-26 00:05:23.808  INFO 39390 --- [restartedMain] o.s.b.w.embedded.tomcat.TomcatWebServer  : Tomcat initialized with port(s): 8080 (http)
2022-09-26 00:05:23.809  INFO 39390 --- [restartedMain] o.apache.catalina.core.StandardService   : Starting service [Tomcat]
2022-09-26 00:05:23.809  INFO 39390 --- [restartedMain] org.apache.catalina.core.StandardEngine  : Starting Servlet engine: [Apache Tomcat/9.0.65]
2022-09-26 00:05:23.815  INFO 39390 --- [restartedMain] o.a.c.c.C.[Tomcat].[localhost].[/]       : Initializing Spring embedded WebApplicationContext
2022-09-26 00:05:23.815  INFO 39390 --- [restartedMain] w.s.c.ServletWebServerApplicationContext : Root WebApplicationContext: initialization completed in 176 ms
2022-09-26 00:05:23.842  INFO 39390 --- [restartedMain] o.hibernate.jpa.internal.util.LogHelper  : HHH000204: Processing PersistenceUnitInfo [name: default]
2022-09-26 00:05:23.845  INFO 39390 --- [restartedMain] com.zaxxer.hikari.HikariDataSource       : HikariPool-12 - Starting...
2022-09-26 00:05:23.856  INFO 39390 --- [restartedMain] com.zaxxer.hikari.HikariDataSource       : HikariPool-12 - Start completed.
2022-09-26 00:05:23.856  INFO 39390 --- [restartedMain] org.hibernate.dialect.Dialect            : HHH000400: Using dialect: org.hibernate.dialect.MySQL8Dialect
2022-09-26 00:05:23.875  INFO 39390 --- [restartedMain] o.h.e.t.j.p.i.JtaPlatformInitiator       : HHH000490: Using JtaPlatform implementation: [org.hibernate.engine.transaction.jta.platform.internal.NoJtaPlatform]
2022-09-26 00:05:23.876  INFO 39390 --- [restartedMain] j.LocalContainerEntityManagerFactoryBean : Initialized JPA EntityManagerFactory for persistence unit 'default'
2022-09-26 00:05:23.928  WARN 39390 --- [restartedMain] JpaBaseConfiguration$JpaWebConfiguration : spring.jpa.open-in-view is enabled by default. Therefore, database queries may be performed during view rendering. Explicitly configure spring.jpa.open-in-view to disable this warning
2022-09-26 00:05:23.956  INFO 39390 --- [restartedMain] o.s.b.a.w.s.WelcomePageHandlerMapping    : Adding welcome page template: index
2022-09-26 00:05:24.012  INFO 39390 --- [restartedMain] o.s.b.d.a.OptionalLiveReloadServer       : LiveReload server is running on port 35729
2022-09-26 00:05:24.023  INFO 39390 --- [restartedMain] o.s.b.w.embedded.tomcat.TomcatWebServer  : Tomcat started on port(s): 8080 (http) with context path ''
2022-09-26 00:05:24.030  INFO 39390 --- [restartedMain] c.e.ECommerceWithSpringMvcApplication    : Started ECommerceWithSpringMvcApplication in 0.416 seconds (JVM running for 16055.276)
2022-09-26 00:05:24.032  INFO 39390 --- [restartedMain] .ConditionEvaluationDeltaLoggingListener : Condition evaluation unchanged
2022-09-26 00:05:32.531  INFO 39390 --- [File Watcher] rtingClassPathChangeChangedEventListener : Restarting due to 1 class path change (0 additions, 1 deletion, 0 modifications)
2022-09-26 00:05:32.536  INFO 39390 --- [Thread-47] o.apache.catalina.core.StandardService   : Stopping service [Tomcat]
2022-09-26 00:05:32.546  INFO 39390 --- [Thread-47] j.LocalContainerEntityManagerFactoryBean : Closing JPA EntityManagerFactory for persistence unit 'default'
2022-09-26 00:05:32.547  INFO 39390 --- [Thread-47] com.zaxxer.hikari.HikariDataSource       : HikariPool-12 - Shutdown initiated...
2022-09-26 00:05:32.554  INFO 39390 --- [Thread-47] com.zaxxer.hikari.HikariDataSource       : HikariPool-12 - Shutdown completed.
2022-09-26 00:05:32.639  INFO 39390 --- [restartedMain] c.e.ECommerceWithSpringMvcApplication    : Starting ECommerceWithSpringMvcApplication using Java 18.0.1 on dell-Inspiron-5570 with PID 39390 (/home/dell/Documents/workspace-spring-tool-suite-4-4.15.3.RELEASE/YummyRestaurantWithSpringMVC/target/classes started by dell in /home/dell/Documents/workspace-spring-tool-suite-4-4.15.3.RELEASE/YummyRestaurantWithSpringMVC)
2022-09-26 00:05:32.639  INFO 39390 --- [restartedMain] c.e.ECommerceWithSpringMvcApplication    : No active profile set, falling back to 1 default profile: "default"
2022-09-26 00:05:32.779  INFO 39390 --- [restartedMain] .s.d.r.c.RepositoryConfigurationDelegate : Bootstrapping Spring Data JPA repositories in DEFAULT mode.
2022-09-26 00:05:32.785  INFO 39390 --- [restartedMain] .s.d.r.c.RepositoryConfigurationDelegate : Finished Spring Data repository scanning in 5 ms. Found 1 JPA repository interfaces.
2022-09-26 00:05:32.863  INFO 39390 --- [restartedMain] o.s.b.w.embedded.tomcat.TomcatWebServer  : Tomcat initialized with port(s): 8080 (http)
2022-09-26 00:05:32.864  INFO 39390 --- [restartedMain] o.apache.catalina.core.StandardService   : Starting service [Tomcat]
2022-09-26 00:05:32.864  INFO 39390 --- [restartedMain] org.apache.catalina.core.StandardEngine  : Starting Servlet engine: [Apache Tomcat/9.0.65]
2022-09-26 00:05:32.872  INFO 39390 --- [restartedMain] o.a.c.c.C.[Tomcat].[localhost].[/]       : Initializing Spring embedded WebApplicationContext
2022-09-26 00:05:32.872  INFO 39390 --- [restartedMain] w.s.c.ServletWebServerApplicationContext : Root WebApplicationContext: initialization completed in 231 ms
2022-09-26 00:05:32.908  INFO 39390 --- [restartedMain] o.hibernate.jpa.internal.util.LogHelper  : HHH000204: Processing PersistenceUnitInfo [name: default]
2022-09-26 00:05:32.912  INFO 39390 --- [restartedMain] com.zaxxer.hikari.HikariDataSource       : HikariPool-13 - Starting...
2022-09-26 00:05:32.925  INFO 39390 --- [restartedMain] com.zaxxer.hikari.HikariDataSource       : HikariPool-13 - Start completed.
2022-09-26 00:05:32.926  INFO 39390 --- [restartedMain] org.hibernate.dialect.Dialect            : HHH000400: Using dialect: org.hibernate.dialect.MySQL8Dialect
2022-09-26 00:05:32.952  INFO 39390 --- [restartedMain] o.h.e.t.j.p.i.JtaPlatformInitiator       : HHH000490: Using JtaPlatform implementation: [org.hibernate.engine.transaction.jta.platform.internal.NoJtaPlatform]
2022-09-26 00:05:32.952  INFO 39390 --- [restartedMain] j.LocalContainerEntityManagerFactoryBean : Initialized JPA EntityManagerFactory for persistence unit 'default'
2022-09-26 00:05:33.013  WARN 39390 --- [restartedMain] JpaBaseConfiguration$JpaWebConfiguration : spring.jpa.open-in-view is enabled by default. Therefore, database queries may be performed during view rendering. Explicitly configure spring.jpa.open-in-view to disable this warning
2022-09-26 00:05:33.051  INFO 39390 --- [restartedMain] o.s.b.a.w.s.WelcomePageHandlerMapping    : Adding welcome page template: index
2022-09-26 00:05:33.134  INFO 39390 --- [restartedMain] o.s.b.d.a.OptionalLiveReloadServer       : LiveReload server is running on port 35729
2022-09-26 00:05:33.151  INFO 39390 --- [restartedMain] o.s.b.w.embedded.tomcat.TomcatWebServer  : Tomcat started on port(s): 8080 (http) with context path ''
2022-09-26 00:05:33.159  INFO 39390 --- [restartedMain] c.e.ECommerceWithSpringMvcApplication    : Started ECommerceWithSpringMvcApplication in 0.545 seconds (JVM running for 16064.406)
2022-09-26 00:05:33.161  INFO 39390 --- [restartedMain] .ConditionEvaluationDeltaLoggingListener : Condition evaluation unchanged
2022-09-26 00:05:37.446  INFO 39390 --- [http-nio-8080-exec-1] o.a.c.c.C.[Tomcat].[localhost].[/]       : Initializing Spring DispatcherServlet 'dispatcherServlet'
2022-09-26 00:05:37.447  INFO 39390 --- [http-nio-8080-exec-1] o.s.web.servlet.DispatcherServlet        : Initializing Servlet 'dispatcherServlet'
2022-09-26 00:05:37.451  INFO 39390 --- [http-nio-8080-exec-1] o.s.web.servlet.DispatcherServlet        : Completed initialization in 4 ms
2022-09-26 00:07:37.895  INFO 39390 --- [File Watcher] rtingClassPathChangeChangedEventListener : Restarting due to 1 class path change (0 additions, 0 deletions, 1 modification)
2022-09-26 00:07:37.898  INFO 39390 --- [Thread-51] o.apache.catalina.core.StandardService   : Stopping service [Tomcat]
2022-09-26 00:07:37.899  INFO 39390 --- [Thread-51] o.a.c.c.C.[Tomcat].[localhost].[/]       : Destroying Spring FrameworkServlet 'dispatcherServlet'
2022-09-26 00:07:37.905  INFO 39390 --- [Thread-51] j.LocalContainerEntityManagerFactoryBean : Closing JPA EntityManagerFactory for persistence unit 'default'
2022-09-26 00:07:37.906  INFO 39390 --- [Thread-51] com.zaxxer.hikari.HikariDataSource       : HikariPool-13 - Shutdown initiated...
2022-09-26 00:07:37.910  INFO 39390 --- [Thread-51] com.zaxxer.hikari.HikariDataSource       : HikariPool-13 - Shutdown completed.
2022-09-26 00:07:37.997  INFO 39390 --- [restartedMain] c.e.ECommerceWithSpringMvcApplication    : Starting ECommerceWithSpringMvcApplication using Java 18.0.1 on dell-Inspiron-5570 with PID 39390 (/home/dell/Documents/workspace-spring-tool-suite-4-4.15.3.RELEASE/YummyRestaurantWithSpringMVC/target/classes started by dell in /home/dell/Documents/workspace-spring-tool-suite-4-4.15.3.RELEASE/YummyRestaurantWithSpringMVC)
2022-09-26 00:07:37.997  INFO 39390 --- [restartedMain] c.e.ECommerceWithSpringMvcApplication    : No active profile set, falling back to 1 default profile: "default"
2022-09-26 00:07:38.132  INFO 39390 --- [restartedMain] .s.d.r.c.RepositoryConfigurationDelegate : Bootstrapping Spring Data JPA repositories in DEFAULT mode.
2022-09-26 00:07:38.136  INFO 39390 --- [restartedMain] .s.d.r.c.RepositoryConfigurationDelegate : Finished Spring Data repository scanning in 3 ms. Found 1 JPA repository interfaces.
2022-09-26 00:07:38.210  INFO 39390 --- [restartedMain] o.s.b.w.embedded.tomcat.TomcatWebServer  : Tomcat initialized with port(s): 8080 (http)
2022-09-26 00:07:38.211  INFO 39390 --- [restartedMain] o.apache.catalina.core.StandardService   : Starting service [Tomcat]
2022-09-26 00:07:38.211  INFO 39390 --- [restartedMain] org.apache.catalina.core.StandardEngine  : Starting Servlet engine: [Apache Tomcat/9.0.65]
2022-09-26 00:07:38.217  INFO 39390 --- [restartedMain] o.a.c.c.C.[Tomcat].[localhost].[/]       : Initializing Spring embedded WebApplicationContext
2022-09-26 00:07:38.217  INFO 39390 --- [restartedMain] w.s.c.ServletWebServerApplicationContext : Root WebApplicationContext: initialization completed in 217 ms
2022-09-26 00:07:38.251  INFO 39390 --- [restartedMain] o.hibernate.jpa.internal.util.LogHelper  : HHH000204: Processing PersistenceUnitInfo [name: default]
2022-09-26 00:07:38.255  INFO 39390 --- [restartedMain] com.zaxxer.hikari.HikariDataSource       : HikariPool-14 - Starting...
2022-09-26 00:07:38.265  INFO 39390 --- [restartedMain] com.zaxxer.hikari.HikariDataSource       : HikariPool-14 - Start completed.
2022-09-26 00:07:38.265  INFO 39390 --- [restartedMain] org.hibernate.dialect.Dialect            : HHH000400: Using dialect: org.hibernate.dialect.MySQL8Dialect
2022-09-26 00:07:38.284  INFO 39390 --- [restartedMain] o.h.e.t.j.p.i.JtaPlatformInitiator       : HHH000490: Using JtaPlatform implementation: [org.hibernate.engine.transaction.jta.platform.internal.NoJtaPlatform]
2022-09-26 00:07:38.284  INFO 39390 --- [restartedMain] j.LocalContainerEntityManagerFactoryBean : Initialized JPA EntityManagerFactory for persistence unit 'default'
2022-09-26 00:07:38.342  WARN 39390 --- [restartedMain] JpaBaseConfiguration$JpaWebConfiguration : spring.jpa.open-in-view is enabled by default. Therefore, database queries may be performed during view rendering. Explicitly configure spring.jpa.open-in-view to disable this warning
2022-09-26 00:07:38.389  INFO 39390 --- [restartedMain] o.s.b.a.w.s.WelcomePageHandlerMapping    : Adding welcome page template: index
2022-09-26 00:07:38.487  INFO 39390 --- [restartedMain] o.s.b.d.a.OptionalLiveReloadServer       : LiveReload server is running on port 35729
2022-09-26 00:07:38.496  INFO 39390 --- [restartedMain] o.s.b.w.embedded.tomcat.TomcatWebServer  : Tomcat started on port(s): 8080 (http) with context path ''
2022-09-26 00:07:38.501  INFO 39390 --- [restartedMain] c.e.ECommerceWithSpringMvcApplication    : Started ECommerceWithSpringMvcApplication in 0.524 seconds (JVM running for 16189.747)
2022-09-26 00:07:38.502  INFO 39390 --- [restartedMain] .ConditionEvaluationDeltaLoggingListener : Condition evaluation unchanged
2022-09-26 00:07:38.561  INFO 39390 --- [http-nio-8080-exec-1] o.a.c.c.C.[Tomcat].[localhost].[/]       : Initializing Spring DispatcherServlet 'dispatcherServlet'
2022-09-26 00:07:38.561  INFO 39390 --- [http-nio-8080-exec-1] o.s.web.servlet.DispatcherServlet        : Initializing Servlet 'dispatcherServlet'
2022-09-26 00:07:38.562  INFO 39390 --- [http-nio-8080-exec-1] o.s.web.servlet.DispatcherServlet        : Completed initialization in 1 ms
2022-09-26 00:08:27.060  INFO 39390 --- [File Watcher] rtingClassPathChangeChangedEventListener : Restarting due to 1 class path change (0 additions, 0 deletions, 1 modification)
2022-09-26 00:08:27.063  INFO 39390 --- [Thread-55] o.apache.catalina.core.StandardService   : Stopping service [Tomcat]
2022-09-26 00:08:27.063  INFO 39390 --- [Thread-55] o.a.c.c.C.[Tomcat].[localhost].[/]       : Destroying Spring FrameworkServlet 'dispatcherServlet'
2022-09-26 00:08:27.069  INFO 39390 --- [Thread-55] j.LocalContainerEntityManagerFactoryBean : Closing JPA EntityManagerFactory for persistence unit 'default'
2022-09-26 00:08:27.070  INFO 39390 --- [Thread-55] com.zaxxer.hikari.HikariDataSource       : HikariPool-14 - Shutdown initiated...
2022-09-26 00:08:27.073  INFO 39390 --- [Thread-55] com.zaxxer.hikari.HikariDataSource       : HikariPool-14 - Shutdown completed.
2022-09-26 00:08:27.137  INFO 39390 --- [restartedMain] c.e.ECommerceWithSpringMvcApplication    : Starting ECommerceWithSpringMvcApplication using Java 18.0.1 on dell-Inspiron-5570 with PID 39390 (/home/dell/Documents/workspace-spring-tool-suite-4-4.15.3.RELEASE/YummyRestaurantWithSpringMVC/target/classes started by dell in /home/dell/Documents/workspace-spring-tool-suite-4-4.15.3.RELEASE/YummyRestaurantWithSpringMVC)
2022-09-26 00:08:27.137  INFO 39390 --- [restartedMain] c.e.ECommerceWithSpringMvcApplication    : No active profile set, falling back to 1 default profile: "default"
2022-09-26 00:08:27.238  INFO 39390 --- [restartedMain] .s.d.r.c.RepositoryConfigurationDelegate : Bootstrapping Spring Data JPA repositories in DEFAULT mode.
2022-09-26 00:08:27.242  INFO 39390 --- [restartedMain] .s.d.r.c.RepositoryConfigurationDelegate : Finished Spring Data repository scanning in 4 ms. Found 1 JPA repository interfaces.
2022-09-26 00:08:27.306  INFO 39390 --- [restartedMain] o.s.b.w.embedded.tomcat.TomcatWebServer  : Tomcat initialized with port(s): 8080 (http)
2022-09-26 00:08:27.306  INFO 39390 --- [restartedMain] o.apache.catalina.core.StandardService   : Starting service [Tomcat]
2022-09-26 00:08:27.307  INFO 39390 --- [restartedMain] org.apache.catalina.core.StandardEngine  : Starting Servlet engine: [Apache Tomcat/9.0.65]
2022-09-26 00:08:27.314  INFO 39390 --- [restartedMain] o.a.c.c.C.[Tomcat].[localhost].[/]       : Initializing Spring embedded WebApplicationContext
2022-09-26 00:08:27.314  INFO 39390 --- [restartedMain] w.s.c.ServletWebServerApplicationContext : Root WebApplicationContext: initialization completed in 175 ms
2022-09-26 00:08:27.349  INFO 39390 --- [restartedMain] o.hibernate.jpa.internal.util.LogHelper  : HHH000204: Processing PersistenceUnitInfo [name: default]
2022-09-26 00:08:27.352  INFO 39390 --- [restartedMain] com.zaxxer.hikari.HikariDataSource       : HikariPool-15 - Starting...
2022-09-26 00:08:27.364  INFO 39390 --- [restartedMain] com.zaxxer.hikari.HikariDataSource       : HikariPool-15 - Start completed.
2022-09-26 00:08:27.365  INFO 39390 --- [restartedMain] org.hibernate.dialect.Dialect            : HHH000400: Using dialect: org.hibernate.dialect.MySQL8Dialect
2022-09-26 00:08:27.382  INFO 39390 --- [restartedMain] o.h.e.t.j.p.i.JtaPlatformInitiator       : HHH000490: Using JtaPlatform implementation: [org.hibernate.engine.transaction.jta.platform.internal.NoJtaPlatform]
2022-09-26 00:08:27.382  INFO 39390 --- [restartedMain] j.LocalContainerEntityManagerFactoryBean : Initialized JPA EntityManagerFactory for persistence unit 'default'
2022-09-26 00:08:27.435  WARN 39390 --- [restartedMain] JpaBaseConfiguration$JpaWebConfiguration : spring.jpa.open-in-view is enabled by default. Therefore, database queries may be performed during view rendering. Explicitly configure spring.jpa.open-in-view to disable this warning
2022-09-26 00:08:27.466  INFO 39390 --- [restartedMain] o.s.b.a.w.s.WelcomePageHandlerMapping    : Adding welcome page template: index
2022-09-26 00:08:27.513  INFO 39390 --- [restartedMain] o.s.b.d.a.OptionalLiveReloadServer       : LiveReload server is running on port 35729
2022-09-26 00:08:27.523  INFO 39390 --- [restartedMain] o.s.b.w.embedded.tomcat.TomcatWebServer  : Tomcat started on port(s): 8080 (http) with context path ''
2022-09-26 00:08:27.532  INFO 39390 --- [restartedMain] c.e.ECommerceWithSpringMvcApplication    : Started ECommerceWithSpringMvcApplication in 0.413 seconds (JVM running for 16238.779)
2022-09-26 00:08:27.534  INFO 39390 --- [restartedMain] .ConditionEvaluationDeltaLoggingListener : Condition evaluation unchanged
2022-09-26 00:08:27.786  INFO 39390 --- [http-nio-8080-exec-1] o.a.c.c.C.[Tomcat].[localhost].[/]       : Initializing Spring DispatcherServlet 'dispatcherServlet'
2022-09-26 00:08:27.786  INFO 39390 --- [http-nio-8080-exec-1] o.s.web.servlet.DispatcherServlet        : Initializing Servlet 'dispatcherServlet'
2022-09-26 00:08:27.787  INFO 39390 --- [http-nio-8080-exec-1] o.s.web.servlet.DispatcherServlet        : Completed initialization in 1 ms
2022-09-26 00:12:00.117  INFO 39390 --- [File Watcher] rtingClassPathChangeChangedEventListener : Restarting due to 1 class path change (1 addition, 0 deletions, 0 modifications)
2022-09-26 00:12:00.121  INFO 39390 --- [Thread-59] o.apache.catalina.core.StandardService   : Stopping service [Tomcat]
2022-09-26 00:12:00.122  INFO 39390 --- [Thread-59] o.a.c.c.C.[Tomcat].[localhost].[/]       : Destroying Spring FrameworkServlet 'dispatcherServlet'
2022-09-26 00:12:00.131  INFO 39390 --- [Thread-59] j.LocalContainerEntityManagerFactoryBean : Closing JPA EntityManagerFactory for persistence unit 'default'
2022-09-26 00:12:00.133  INFO 39390 --- [Thread-59] com.zaxxer.hikari.HikariDataSource       : HikariPool-15 - Shutdown initiated...
2022-09-26 00:12:00.140  INFO 39390 --- [Thread-59] com.zaxxer.hikari.HikariDataSource       : HikariPool-15 - Shutdown completed.
2022-09-26 00:12:00.221  INFO 39390 --- [restartedMain] c.e.ECommerceWithSpringMvcApplication    : Starting ECommerceWithSpringMvcApplication using Java 18.0.1 on dell-Inspiron-5570 with PID 39390 (/home/dell/Documents/workspace-spring-tool-suite-4-4.15.3.RELEASE/YummyRestaurantWithSpringMVC/target/classes started by dell in /home/dell/Documents/workspace-spring-tool-suite-4-4.15.3.RELEASE/YummyRestaurantWithSpringMVC)
2022-09-26 00:12:00.221  INFO 39390 --- [restartedMain] c.e.ECommerceWithSpringMvcApplication    : No active profile set, falling back to 1 default profile: "default"
2022-09-26 00:12:00.334  INFO 39390 --- [restartedMain] .s.d.r.c.RepositoryConfigurationDelegate : Bootstrapping Spring Data JPA repositories in DEFAULT mode.
2022-09-26 00:12:00.338  INFO 39390 --- [restartedMain] .s.d.r.c.RepositoryConfigurationDelegate : Finished Spring Data repository scanning in 3 ms. Found 1 JPA repository interfaces.
2022-09-26 00:12:00.406  INFO 39390 --- [restartedMain] o.s.b.w.embedded.tomcat.TomcatWebServer  : Tomcat initialized with port(s): 8080 (http)
2022-09-26 00:12:00.406  INFO 39390 --- [restartedMain] o.apache.catalina.core.StandardService   : Starting service [Tomcat]
2022-09-26 00:12:00.406  INFO 39390 --- [restartedMain] org.apache.catalina.core.StandardEngine  : Starting Servlet engine: [Apache Tomcat/9.0.65]
2022-09-26 00:12:00.412  INFO 39390 --- [restartedMain] o.a.c.c.C.[Tomcat].[localhost].[/]       : Initializing Spring embedded WebApplicationContext
2022-09-26 00:12:00.413  INFO 39390 --- [restartedMain] w.s.c.ServletWebServerApplicationContext : Root WebApplicationContext: initialization completed in 189 ms
2022-09-26 00:12:00.441  INFO 39390 --- [restartedMain] o.hibernate.jpa.internal.util.LogHelper  : HHH000204: Processing PersistenceUnitInfo [name: default]
2022-09-26 00:12:00.444  INFO 39390 --- [restartedMain] com.zaxxer.hikari.HikariDataSource       : HikariPool-16 - Starting...
2022-09-26 00:12:00.458  INFO 39390 --- [restartedMain] com.zaxxer.hikari.HikariDataSource       : HikariPool-16 - Start completed.
2022-09-26 00:12:00.458  INFO 39390 --- [restartedMain] org.hibernate.dialect.Dialect            : HHH000400: Using dialect: org.hibernate.dialect.MySQL8Dialect
2022-09-26 00:12:00.477  INFO 39390 --- [restartedMain] o.h.e.t.j.p.i.JtaPlatformInitiator       : HHH000490: Using JtaPlatform implementation: [org.hibernate.engine.transaction.jta.platform.internal.NoJtaPlatform]
2022-09-26 00:12:00.477  INFO 39390 --- [restartedMain] j.LocalContainerEntityManagerFactoryBean : Initialized JPA EntityManagerFactory for persistence unit 'default'
2022-09-26 00:12:00.533  WARN 39390 --- [restartedMain] JpaBaseConfiguration$JpaWebConfiguration : spring.jpa.open-in-view is enabled by default. Therefore, database queries may be performed during view rendering. Explicitly configure spring.jpa.open-in-view to disable this warning
2022-09-26 00:12:00.565  INFO 39390 --- [restartedMain] o.s.b.a.w.s.WelcomePageHandlerMapping    : Adding welcome page template: index
2022-09-26 00:12:00.628  INFO 39390 --- [restartedMain] o.s.b.d.a.OptionalLiveReloadServer       : LiveReload server is running on port 35729
2022-09-26 00:12:00.643  INFO 39390 --- [restartedMain] o.s.b.w.embedded.tomcat.TomcatWebServer  : Tomcat started on port(s): 8080 (http) with context path ''
2022-09-26 00:12:00.648  INFO 39390 --- [restartedMain] c.e.ECommerceWithSpringMvcApplication    : Started ECommerceWithSpringMvcApplication in 0.449 seconds (JVM running for 16451.894)
2022-09-26 00:12:00.649  INFO 39390 --- [restartedMain] .ConditionEvaluationDeltaLoggingListener : Condition evaluation unchanged
2022-09-26 00:13:23.651  INFO 39390 --- [http-nio-8080-exec-1] o.a.c.c.C.[Tomcat].[localhost].[/]       : Initializing Spring DispatcherServlet 'dispatcherServlet'
2022-09-26 00:13:23.652  INFO 39390 --- [http-nio-8080-exec-1] o.s.web.servlet.DispatcherServlet        : Initializing Servlet 'dispatcherServlet'
2022-09-26 00:13:23.654  INFO 39390 --- [http-nio-8080-exec-1] o.s.web.servlet.DispatcherServlet        : Completed initialization in 2 ms
2022-09-26 00:26:28.240  INFO 39390 --- [File Watcher] rtingClassPathChangeChangedEventListener : Restarting due to 1 class path change (0 additions, 1 deletion, 0 modifications)
2022-09-26 00:26:28.243  INFO 39390 --- [Thread-63] o.apache.catalina.core.StandardService   : Stopping service [Tomcat]
2022-09-26 00:26:28.244  INFO 39390 --- [Thread-63] o.a.c.c.C.[Tomcat].[localhost].[/]       : Destroying Spring FrameworkServlet 'dispatcherServlet'
2022-09-26 00:26:28.250  INFO 39390 --- [Thread-63] j.LocalContainerEntityManagerFactoryBean : Closing JPA EntityManagerFactory for persistence unit 'default'
2022-09-26 00:26:28.251  INFO 39390 --- [Thread-63] com.zaxxer.hikari.HikariDataSource       : HikariPool-16 - Shutdown initiated...
2022-09-26 00:26:28.253  INFO 39390 --- [Thread-63] com.zaxxer.hikari.HikariDataSource       : HikariPool-16 - Shutdown completed.
2022-09-26 00:26:28.331  INFO 39390 --- [restartedMain] c.e.ECommerceWithSpringMvcApplication    : Starting ECommerceWithSpringMvcApplication using Java 18.0.1 on dell-Inspiron-5570 with PID 39390 (/home/dell/Documents/workspace-spring-tool-suite-4-4.15.3.RELEASE/YummyRestaurantWithSpringMVC/target/classes started by dell in /home/dell/Documents/workspace-spring-tool-suite-4-4.15.3.RELEASE/YummyRestaurantWithSpringMVC)
2022-09-26 00:26:28.331  INFO 39390 --- [restartedMain] c.e.ECommerceWithSpringMvcApplication    : No active profile set, falling back to 1 default profile: "default"
2022-09-26 00:26:28.482  INFO 39390 --- [restartedMain] .s.d.r.c.RepositoryConfigurationDelegate : Bootstrapping Spring Data JPA repositories in DEFAULT mode.
2022-09-26 00:26:28.485  INFO 39390 --- [restartedMain] .s.d.r.c.RepositoryConfigurationDelegate : Finished Spring Data repository scanning in 2 ms. Found 1 JPA repository interfaces.
2022-09-26 00:26:28.590  INFO 39390 --- [restartedMain] o.s.b.w.embedded.tomcat.TomcatWebServer  : Tomcat initialized with port(s): 8080 (http)
2022-09-26 00:26:28.590  INFO 39390 --- [restartedMain] o.apache.catalina.core.StandardService   : Starting service [Tomcat]
2022-09-26 00:26:28.591  INFO 39390 --- [restartedMain] org.apache.catalina.core.StandardEngine  : Starting Servlet engine: [Apache Tomcat/9.0.65]
2022-09-26 00:26:28.599  INFO 39390 --- [restartedMain] o.a.c.c.C.[Tomcat].[localhost].[/]       : Initializing Spring embedded WebApplicationContext
2022-09-26 00:26:28.599  INFO 39390 --- [restartedMain] w.s.c.ServletWebServerApplicationContext : Root WebApplicationContext: initialization completed in 265 ms
2022-09-26 00:26:28.649  INFO 39390 --- [restartedMain] o.hibernate.jpa.internal.util.LogHelper  : HHH000204: Processing PersistenceUnitInfo [name: default]
2022-09-26 00:26:28.653  INFO 39390 --- [restartedMain] com.zaxxer.hikari.HikariDataSource       : HikariPool-17 - Starting...
2022-09-26 00:26:28.669  INFO 39390 --- [restartedMain] com.zaxxer.hikari.HikariDataSource       : HikariPool-17 - Start completed.
2022-09-26 00:26:28.669  INFO 39390 --- [restartedMain] org.hibernate.dialect.Dialect            : HHH000400: Using dialect: org.hibernate.dialect.MySQL8Dialect
2022-09-26 00:26:28.698  INFO 39390 --- [restartedMain] o.h.e.t.j.p.i.JtaPlatformInitiator       : HHH000490: Using JtaPlatform implementation: [org.hibernate.engine.transaction.jta.platform.internal.NoJtaPlatform]
2022-09-26 00:26:28.698  INFO 39390 --- [restartedMain] j.LocalContainerEntityManagerFactoryBean : Initialized JPA EntityManagerFactory for persistence unit 'default'
2022-09-26 00:26:28.799  WARN 39390 --- [restartedMain] JpaBaseConfiguration$JpaWebConfiguration : spring.jpa.open-in-view is enabled by default. Therefore, database queries may be performed during view rendering. Explicitly configure spring.jpa.open-in-view to disable this warning
2022-09-26 00:26:28.866  INFO 39390 --- [restartedMain] o.s.b.a.w.s.WelcomePageHandlerMapping    : Adding welcome page template: index
2022-09-26 00:26:28.949  INFO 39390 --- [restartedMain] o.s.b.d.a.OptionalLiveReloadServer       : LiveReload server is running on port 35729
2022-09-26 00:26:28.960  INFO 39390 --- [restartedMain] o.s.b.w.embedded.tomcat.TomcatWebServer  : Tomcat started on port(s): 8080 (http) with context path ''
2022-09-26 00:26:28.966  INFO 39390 --- [restartedMain] c.e.ECommerceWithSpringMvcApplication    : Started ECommerceWithSpringMvcApplication in 0.656 seconds (JVM running for 17320.212)
2022-09-26 00:26:28.967  INFO 39390 --- [restartedMain] .ConditionEvaluationDeltaLoggingListener : Condition evaluation unchanged
2022-09-26 00:26:38.479  INFO 39390 --- [File Watcher] rtingClassPathChangeChangedEventListener : Restarting due to 1 class path change (1 addition, 0 deletions, 0 modifications)
2022-09-26 00:26:38.481  INFO 39390 --- [Thread-67] o.apache.catalina.core.StandardService   : Stopping service [Tomcat]
2022-09-26 00:26:38.486  INFO 39390 --- [Thread-67] j.LocalContainerEntityManagerFactoryBean : Closing JPA EntityManagerFactory for persistence unit 'default'
2022-09-26 00:26:38.486  INFO 39390 --- [Thread-67] com.zaxxer.hikari.HikariDataSource       : HikariPool-17 - Shutdown initiated...
2022-09-26 00:26:38.488  INFO 39390 --- [Thread-67] com.zaxxer.hikari.HikariDataSource       : HikariPool-17 - Shutdown completed.
2022-09-26 00:26:38.569  INFO 39390 --- [restartedMain] c.e.ECommerceWithSpringMvcApplication    : Starting ECommerceWithSpringMvcApplication using Java 18.0.1 on dell-Inspiron-5570 with PID 39390 (/home/dell/Documents/workspace-spring-tool-suite-4-4.15.3.RELEASE/YummyRestaurantWithSpringMVC/target/classes started by dell in /home/dell/Documents/workspace-spring-tool-suite-4-4.15.3.RELEASE/YummyRestaurantWithSpringMVC)
2022-09-26 00:26:38.569  INFO 39390 --- [restartedMain] c.e.ECommerceWithSpringMvcApplication    : No active profile set, falling back to 1 default profile: "default"
2022-09-26 00:26:38.701  INFO 39390 --- [restartedMain] .s.d.r.c.RepositoryConfigurationDelegate : Bootstrapping Spring Data JPA repositories in DEFAULT mode.
2022-09-26 00:26:38.706  INFO 39390 --- [restartedMain] .s.d.r.c.RepositoryConfigurationDelegate : Finished Spring Data repository scanning in 4 ms. Found 1 JPA repository interfaces.
2022-09-26 00:26:38.791  INFO 39390 --- [restartedMain] o.s.b.w.embedded.tomcat.TomcatWebServer  : Tomcat initialized with port(s): 8080 (http)
2022-09-26 00:26:38.792  INFO 39390 --- [restartedMain] o.apache.catalina.core.StandardService   : Starting service [Tomcat]
2022-09-26 00:26:38.792  INFO 39390 --- [restartedMain] org.apache.catalina.core.StandardEngine  : Starting Servlet engine: [Apache Tomcat/9.0.65]
2022-09-26 00:26:38.798  INFO 39390 --- [restartedMain] o.a.c.c.C.[Tomcat].[localhost].[/]       : Initializing Spring embedded WebApplicationContext
2022-09-26 00:26:38.798  INFO 39390 --- [restartedMain] w.s.c.ServletWebServerApplicationContext : Root WebApplicationContext: initialization completed in 228 ms
2022-09-26 00:26:38.833  INFO 39390 --- [restartedMain] o.hibernate.jpa.internal.util.LogHelper  : HHH000204: Processing PersistenceUnitInfo [name: default]
2022-09-26 00:26:38.837  INFO 39390 --- [restartedMain] com.zaxxer.hikari.HikariDataSource       : HikariPool-18 - Starting...
2022-09-26 00:26:38.851  INFO 39390 --- [restartedMain] com.zaxxer.hikari.HikariDataSource       : HikariPool-18 - Start completed.
2022-09-26 00:26:38.851  INFO 39390 --- [restartedMain] org.hibernate.dialect.Dialect            : HHH000400: Using dialect: org.hibernate.dialect.MySQL8Dialect
2022-09-26 00:26:38.871  INFO 39390 --- [restartedMain] o.h.e.t.j.p.i.JtaPlatformInitiator       : HHH000490: Using JtaPlatform implementation: [org.hibernate.engine.transaction.jta.platform.internal.NoJtaPlatform]
2022-09-26 00:26:38.872  INFO 39390 --- [restartedMain] j.LocalContainerEntityManagerFactoryBean : Initialized JPA EntityManagerFactory for persistence unit 'default'
2022-09-26 00:26:38.944  WARN 39390 --- [restartedMain] JpaBaseConfiguration$JpaWebConfiguration : spring.jpa.open-in-view is enabled by default. Therefore, database queries may be performed during view rendering. Explicitly configure spring.jpa.open-in-view to disable this warning
2022-09-26 00:26:38.986  INFO 39390 --- [restartedMain] o.s.b.a.w.s.WelcomePageHandlerMapping    : Adding welcome page template: index
2022-09-26 00:26:39.058  INFO 39390 --- [restartedMain] o.s.b.d.a.OptionalLiveReloadServer       : LiveReload server is running on port 35729
2022-09-26 00:26:39.074  INFO 39390 --- [restartedMain] o.s.b.w.embedded.tomcat.TomcatWebServer  : Tomcat started on port(s): 8080 (http) with context path ''
2022-09-26 00:26:39.082  INFO 39390 --- [restartedMain] c.e.ECommerceWithSpringMvcApplication    : Started ECommerceWithSpringMvcApplication in 0.534 seconds (JVM running for 17330.328)
2022-09-26 00:26:39.084  INFO 39390 --- [restartedMain] .ConditionEvaluationDeltaLoggingListener : Condition evaluation unchanged
2022-09-26 00:28:08.841  INFO 39390 --- [http-nio-8080-exec-1] o.a.c.c.C.[Tomcat].[localhost].[/]       : Initializing Spring DispatcherServlet 'dispatcherServlet'
2022-09-26 00:28:08.841  INFO 39390 --- [http-nio-8080-exec-1] o.s.web.servlet.DispatcherServlet        : Initializing Servlet 'dispatcherServlet'
2022-09-26 00:28:08.842  INFO 39390 --- [http-nio-8080-exec-1] o.s.web.servlet.DispatcherServlet        : Completed initialization in 1 ms
2022-09-26 00:36:24.399  INFO 39390 --- [File Watcher] rtingClassPathChangeChangedEventListener : Restarting due to 1 class path change (0 additions, 0 deletions, 1 modification)
2022-09-26 00:36:24.401  INFO 39390 --- [Thread-71] o.apache.catalina.core.StandardService   : Stopping service [Tomcat]
2022-09-26 00:36:24.401  INFO 39390 --- [Thread-71] o.a.c.c.C.[Tomcat].[localhost].[/]       : Destroying Spring FrameworkServlet 'dispatcherServlet'
2022-09-26 00:36:24.405  INFO 39390 --- [Thread-71] j.LocalContainerEntityManagerFactoryBean : Closing JPA EntityManagerFactory for persistence unit 'default'
2022-09-26 00:36:24.405  INFO 39390 --- [Thread-71] com.zaxxer.hikari.HikariDataSource       : HikariPool-18 - Shutdown initiated...
2022-09-26 00:36:24.409  INFO 39390 --- [Thread-71] com.zaxxer.hikari.HikariDataSource       : HikariPool-18 - Shutdown completed.
2022-09-26 00:36:24.495  INFO 39390 --- [restartedMain] c.e.ECommerceWithSpringMvcApplication    : Starting ECommerceWithSpringMvcApplication using Java 18.0.1 on dell-Inspiron-5570 with PID 39390 (/home/dell/Documents/workspace-spring-tool-suite-4-4.15.3.RELEASE/YummyRestaurantWithSpringMVC/target/classes started by dell in /home/dell/Documents/workspace-spring-tool-suite-4-4.15.3.RELEASE/YummyRestaurantWithSpringMVC)
2022-09-26 00:36:24.495  INFO 39390 --- [restartedMain] c.e.ECommerceWithSpringMvcApplication    : No active profile set, falling back to 1 default profile: "default"
2022-09-26 00:36:24.647  INFO 39390 --- [restartedMain] .s.d.r.c.RepositoryConfigurationDelegate : Bootstrapping Spring Data JPA repositories in DEFAULT mode.
2022-09-26 00:36:24.651  INFO 39390 --- [restartedMain] .s.d.r.c.RepositoryConfigurationDelegate : Finished Spring Data repository scanning in 4 ms. Found 1 JPA repository interfaces.
2022-09-26 00:36:24.764  INFO 39390 --- [restartedMain] o.s.b.w.embedded.tomcat.TomcatWebServer  : Tomcat initialized with port(s): 8080 (http)
2022-09-26 00:36:24.765  INFO 39390 --- [restartedMain] o.apache.catalina.core.StandardService   : Starting service [Tomcat]
2022-09-26 00:36:24.765  INFO 39390 --- [restartedMain] org.apache.catalina.core.StandardEngine  : Starting Servlet engine: [Apache Tomcat/9.0.65]
2022-09-26 00:36:24.773  INFO 39390 --- [restartedMain] o.a.c.c.C.[Tomcat].[localhost].[/]       : Initializing Spring embedded WebApplicationContext
2022-09-26 00:36:24.773  INFO 39390 --- [restartedMain] w.s.c.ServletWebServerApplicationContext : Root WebApplicationContext: initialization completed in 275 ms
2022-09-26 00:36:24.827  INFO 39390 --- [restartedMain] o.hibernate.jpa.internal.util.LogHelper  : HHH000204: Processing PersistenceUnitInfo [name: default]
2022-09-26 00:36:24.832  INFO 39390 --- [restartedMain] com.zaxxer.hikari.HikariDataSource       : HikariPool-19 - Starting...
2022-09-26 00:36:24.848  INFO 39390 --- [restartedMain] com.zaxxer.hikari.HikariDataSource       : HikariPool-19 - Start completed.
2022-09-26 00:36:24.848  INFO 39390 --- [restartedMain] org.hibernate.dialect.Dialect            : HHH000400: Using dialect: org.hibernate.dialect.MySQL8Dialect
2022-09-26 00:36:24.969  INFO 39390 --- [restartedMain] o.h.e.t.j.p.i.JtaPlatformInitiator       : HHH000490: Using JtaPlatform implementation: [org.hibernate.engine.transaction.jta.platform.internal.NoJtaPlatform]
2022-09-26 00:36:24.969  INFO 39390 --- [restartedMain] j.LocalContainerEntityManagerFactoryBean : Initialized JPA EntityManagerFactory for persistence unit 'default'
2022-09-26 00:36:25.074  WARN 39390 --- [restartedMain] JpaBaseConfiguration$JpaWebConfiguration : spring.jpa.open-in-view is enabled by default. Therefore, database queries may be performed during view rendering. Explicitly configure spring.jpa.open-in-view to disable this warning
2022-09-26 00:36:25.117  INFO 39390 --- [restartedMain] o.s.b.a.w.s.WelcomePageHandlerMapping    : Adding welcome page template: index
2022-09-26 00:36:25.193  INFO 39390 --- [restartedMain] o.s.b.d.a.OptionalLiveReloadServer       : LiveReload server is running on port 35729
2022-09-26 00:36:25.206  INFO 39390 --- [restartedMain] o.s.b.w.embedded.tomcat.TomcatWebServer  : Tomcat started on port(s): 8080 (http) with context path ''
2022-09-26 00:36:25.211  INFO 39390 --- [restartedMain] c.e.ECommerceWithSpringMvcApplication    : Started ECommerceWithSpringMvcApplication in 0.741 seconds (JVM running for 17916.458)
2022-09-26 00:36:25.213  INFO 39390 --- [restartedMain] .ConditionEvaluationDeltaLoggingListener : Condition evaluation unchanged
2022-09-26 00:37:15.276  INFO 39390 --- [File Watcher] rtingClassPathChangeChangedEventListener : Restarting due to 1 class path change (0 additions, 0 deletions, 1 modification)
2022-09-26 00:37:15.278  INFO 39390 --- [Thread-75] o.apache.catalina.core.StandardService   : Stopping service [Tomcat]
2022-09-26 00:37:15.282  INFO 39390 --- [Thread-75] j.LocalContainerEntityManagerFactoryBean : Closing JPA EntityManagerFactory for persistence unit 'default'
2022-09-26 00:37:15.283  INFO 39390 --- [Thread-75] com.zaxxer.hikari.HikariDataSource       : HikariPool-19 - Shutdown initiated...
2022-09-26 00:37:15.285  INFO 39390 --- [Thread-75] com.zaxxer.hikari.HikariDataSource       : HikariPool-19 - Shutdown completed.
2022-09-26 00:37:15.368  INFO 39390 --- [restartedMain] c.e.ECommerceWithSpringMvcApplication    : Starting ECommerceWithSpringMvcApplication using Java 18.0.1 on dell-Inspiron-5570 with PID 39390 (/home/dell/Documents/workspace-spring-tool-suite-4-4.15.3.RELEASE/YummyRestaurantWithSpringMVC/target/classes started by dell in /home/dell/Documents/workspace-spring-tool-suite-4-4.15.3.RELEASE/YummyRestaurantWithSpringMVC)
2022-09-26 00:37:15.368  INFO 39390 --- [restartedMain] c.e.ECommerceWithSpringMvcApplication    : No active profile set, falling back to 1 default profile: "default"
2022-09-26 00:37:15.526  INFO 39390 --- [restartedMain] .s.d.r.c.RepositoryConfigurationDelegate : Bootstrapping Spring Data JPA repositories in DEFAULT mode.
2022-09-26 00:37:15.531  INFO 39390 --- [restartedMain] .s.d.r.c.RepositoryConfigurationDelegate : Finished Spring Data repository scanning in 4 ms. Found 1 JPA repository interfaces.
2022-09-26 00:37:15.609  INFO 39390 --- [restartedMain] o.s.b.w.embedded.tomcat.TomcatWebServer  : Tomcat initialized with port(s): 8080 (http)
2022-09-26 00:37:15.609  INFO 39390 --- [restartedMain] o.apache.catalina.core.StandardService   : Starting service [Tomcat]
2022-09-26 00:37:15.609  INFO 39390 --- [restartedMain] org.apache.catalina.core.StandardEngine  : Starting Servlet engine: [Apache Tomcat/9.0.65]
2022-09-26 00:37:15.617  INFO 39390 --- [restartedMain] o.a.c.c.C.[Tomcat].[localhost].[/]       : Initializing Spring embedded WebApplicationContext
2022-09-26 00:37:15.617  INFO 39390 --- [restartedMain] w.s.c.ServletWebServerApplicationContext : Root WebApplicationContext: initialization completed in 248 ms
2022-09-26 00:37:15.656  INFO 39390 --- [restartedMain] o.hibernate.jpa.internal.util.LogHelper  : HHH000204: Processing PersistenceUnitInfo [name: default]
2022-09-26 00:37:15.659  INFO 39390 --- [restartedMain] com.zaxxer.hikari.HikariDataSource       : HikariPool-20 - Starting...
2022-09-26 00:37:15.672  INFO 39390 --- [restartedMain] com.zaxxer.hikari.HikariDataSource       : HikariPool-20 - Start completed.
2022-09-26 00:37:15.672  INFO 39390 --- [restartedMain] org.hibernate.dialect.Dialect            : HHH000400: Using dialect: org.hibernate.dialect.MySQL8Dialect
2022-09-26 00:37:15.703  INFO 39390 --- [restartedMain] o.h.e.t.j.p.i.JtaPlatformInitiator       : HHH000490: Using JtaPlatform implementation: [org.hibernate.engine.transaction.jta.platform.internal.NoJtaPlatform]
2022-09-26 00:37:15.703  INFO 39390 --- [restartedMain] j.LocalContainerEntityManagerFactoryBean : Initialized JPA EntityManagerFactory for persistence unit 'default'
2022-09-26 00:37:15.773  WARN 39390 --- [restartedMain] JpaBaseConfiguration$JpaWebConfiguration : spring.jpa.open-in-view is enabled by default. Therefore, database queries may be performed during view rendering. Explicitly configure spring.jpa.open-in-view to disable this warning
2022-09-26 00:37:15.812  INFO 39390 --- [restartedMain] o.s.b.a.w.s.WelcomePageHandlerMapping    : Adding welcome page template: index
2022-09-26 00:37:15.884  INFO 39390 --- [restartedMain] o.s.b.d.a.OptionalLiveReloadServer       : LiveReload server is running on port 35729
2022-09-26 00:37:15.901  INFO 39390 --- [restartedMain] o.s.b.w.embedded.tomcat.TomcatWebServer  : Tomcat started on port(s): 8080 (http) with context path ''
2022-09-26 00:37:15.908  INFO 39390 --- [restartedMain] c.e.ECommerceWithSpringMvcApplication    : Started ECommerceWithSpringMvcApplication in 0.562 seconds (JVM running for 17967.154)
2022-09-26 00:37:15.909  INFO 39390 --- [restartedMain] .ConditionEvaluationDeltaLoggingListener : Condition evaluation unchanged
2022-09-26 00:37:49.971  INFO 39390 --- [RMI TCP Connection(305)-127.0.0.1] inMXBeanRegistrar$SpringApplicationAdmin : Application shutdown requested.
2022-09-26 00:37:49.974  INFO 39390 --- [RMI TCP Connection(305)-127.0.0.1] o.apache.catalina.core.StandardService   : Stopping service [Tomcat]
2022-09-26 00:37:49.979  INFO 39390 --- [RMI TCP Connection(305)-127.0.0.1] j.LocalContainerEntityManagerFactoryBean : Closing JPA EntityManagerFactory for persistence unit 'default'
2022-09-26 00:37:49.980  INFO 39390 --- [RMI TCP Connection(305)-127.0.0.1] com.zaxxer.hikari.HikariDataSource       : HikariPool-20 - Shutdown initiated...
2022-09-26 00:37:49.986  INFO 39390 --- [RMI TCP Connection(305)-127.0.0.1] com.zaxxer.hikari.HikariDataSource       : HikariPool-20 - Shutdown completed.
